<?xml version="1.0" encoding="UTF-8"?>
<!-- Generated by org.testng.reporters.JUnitReportReporter -->
<testsuite hostname="GauthamNanda" failures="0" tests="1" name="runner.CucumberRunnerTests" time="21.713" errors="0" timestamp="2025-05-14T16:18:08 IST" skipped="0">
  <testcase classname="runner.CucumberRunnerTests" name="runScenario" time="21.713"/>
  <system-out/>
</testsuite> <!-- runner.CucumberRunnerTests -->
