<?xml version="1.0" encoding="UTF-8"?>
<!-- Generated by org.testng.reporters.JUnitReportReporter -->
<testsuite hostname="GauthamNanda" failures="0" tests="1" name="runner.CucumberRunnerTests" time="28.607" errors="0" timestamp="2025-05-14T14:52:47 IST" skipped="0">
  <testcase classname="runner.CucumberRunnerTests" name="runScenario" time="28.607"/>
  <system-out/>
</testsuite> <!-- runner.CucumberRunnerTests -->
